<?xml version="1.0" encoding="UTF-8"?>
<!-- Generated by org.testng.reporters.JUnitReportReporter -->
<testsuite skipped="0" hostname="Ali-MacBook-Air.local" name="com.class01.DifferenAnnotations" tests="1" failures="0" timestamp="2020-02-17T00:38:44 EST" time="0.009" errors="0">
  <testcase name="test" time="0.009" classname="com.class01.DifferenAnnotations"/>
</testsuite> <!-- com.class01.DifferenAnnotations -->
