<?xml version="1.0" encoding="UTF-8"?>
<!-- Generated by org.testng.reporters.JUnitReportReporter -->
<testsuite skipped="0" hostname="Ali-MacBook-Air.local" name="com.class01.Task1" tests="3" failures="0" timestamp="2020-02-17T00:31:02 EST" time="0.024" errors="0">
  <testcase name="thirdTask" time="0.005" classname="com.class01.Task1"/>
  <testcase name="firstTask" time="0.017" classname="com.class01.Task1"/>
  <testcase name="secondTask" time="0.002" classname="com.class01.Task1"/>
</testsuite> <!-- com.class01.Task1 -->
