<?xml version="1.0" encoding="UTF-8"?>
<!-- Generated by org.testng.reporters.JUnitReportReporter -->
<testsuite skipped="0" hostname="Ali-MacBook-Air.local" name="com.class01.TestNGDemo" tests="3" failures="0" timestamp="2020-02-17T00:29:56 EST" time="0.029" errors="0">
  <testcase name="testTwo" time="0.007" classname="com.class01.TestNGDemo"/>
  <testcase name="testOne" time="0.017" classname="com.class01.TestNGDemo"/>
  <testcase name="testThree" time="0.005" classname="com.class01.TestNGDemo"/>
</testsuite> <!-- com.class01.TestNGDemo -->
