<?xml version="1.0" encoding="UTF-8"?>
<!-- Generated by org.testng.reporters.JUnitReportReporter -->
<testsuite skipped="0" hostname="Ali-MacBook-Air.local" name="com.class01.TitleLogoAndLoginVerification" tests="3" failures="0" timestamp="2020-02-17T01:10:07 EST" time="14.209" errors="0">
  <testcase name="logoValidation" time="3.773" classname="com.class01.TitleLogoAndLoginVerification"/>
  <testcase name="titleValidation" time="4.408" classname="com.class01.TitleLogoAndLoginVerification"/>
  <testcase name="validLogin" time="6.028" classname="com.class01.TitleLogoAndLoginVerification"/>
</testsuite> <!-- com.class01.TitleLogoAndLoginVerification -->
