<?xml version="1.0" encoding="UTF-8"?>
<!-- Generated by org.testng.reporters.JUnitReportReporter -->
<testsuite skipped="0" hostname="Ali-MacBook-Air.local" name="com.class01.Task2" tests="2" failures="0" timestamp="2020-02-17T00:47:26 EST" time="0.011" errors="0">
  <testcase name="testZ9" time="0.003" classname="com.class01.Task2"/>
  <testcase name="testA1" time="0.008" classname="com.class01.Task2"/>
</testsuite> <!-- com.class01.Task2 -->
